============================= test session starts =============================
platform win32 -- Python 3.14.2, pytest-9.0.2, pluggy-1.6.0
rootdir: C:\Users\Зуфар\Downloads\Новая папка
plugins: cov-7.0.0
collected 18 items

test_products.py ...............                                         [ 83%]
test_load_data.py ...                                                    [100%]

=============================== tests coverage ================================
_______________ coverage: platform win32, python 3.14.2-final-0 _______________

Name           Stmts   Miss  Cover
----------------------------------
load_data.py      23      8    65%
main.py           60     24    60%
----------------------------------
TOTAL             83     32    61%
============================= 18 passed in 0.06s ==============================
